Virtual User Script started at: 4/25/2021 12:24:40 PM
Starting action vuser_init.
Web Turbo Replay of LoadRunner 2021.0.0 for Windows 10; build 430 (Jan 05 2021 19:27:22)  	[MsgId: MMSG-26983]
Run mode: HTML  	[MsgId: MMSG-26993]
Replay user agent: Mozilla/5.0 (Windows NT 10.0; Win64; x64) AppleWebKit/537.36 (KHTML, like Gecko) Chrome/90.0.4430.85 Safari/537.36  	[MsgId: MMSG-26988]
Runtime Settings file: "C:\Users\krish\Documents\VuGen\Scripts\DeleteFlight\\default.cfg"  	[MsgId: MMSG-27141]
Ending action vuser_init.
Running Vuser...
Starting iteration 1.
Maximum number of concurrent connections per server: 6  	[MsgId: MMSG-26989]
Starting action Action.
Action.c(4): web_reg_find started  	[MsgId: MMSG-26355]
Action.c(4): Registering web_reg_find was successful  	[MsgId: MMSG-26390]
Action.c(9): web_custom_request("WebTours") started  	[MsgId: MMSG-26355]
Action.c(9): Registered web_reg_find successful for "Text=Web Tours" (count=1)  	[MsgId: MMSG-26364]
Action.c(9): web_custom_request("WebTours") was successful, 366 body bytes, 298 header bytes  	[MsgId: MMSG-26386]
Action.c(19): web_set_sockets_option started  	[MsgId: MMSG-26355]
Action.c(19): web_set_sockets_option was successful  	[MsgId: MMSG-26392]
Action.c(21): web_add_header("Sec-Fetch-Site") started  	[MsgId: MMSG-26355]
Action.c(21): web_add_header("Sec-Fetch-Site") was successful  	[MsgId: MMSG-26392]
Action.c(24): web_add_header("Sec-Fetch-Dest") started  	[MsgId: MMSG-26355]
Action.c(24): web_add_header("Sec-Fetch-Dest") was successful  	[MsgId: MMSG-26392]
Action.c(27): web_concurrent_start started  	[MsgId: MMSG-26355]
Action.c(27): web_concurrent_start was successful  	[MsgId: MMSG-26392]
Action.c(29): web_custom_request("header.html") started  	[MsgId: MMSG-26355]
Action.c(29): Registering web_custom_request("header.html") was successful  	[MsgId: MMSG-26390]
Action.c(39): web_add_header("Sec-Fetch-Site") started  	[MsgId: MMSG-26355]
Action.c(39): web_add_header("Sec-Fetch-Site") was successful  	[MsgId: MMSG-26392]
Action.c(42): web_add_header("Sec-Fetch-Dest") started  	[MsgId: MMSG-26355]
Action.c(42): web_add_header("Sec-Fetch-Dest") was successful  	[MsgId: MMSG-26392]
Action.c(45): web_custom_request("welcome.pl") started  	[MsgId: MMSG-26355]
Action.c(45): Registering web_custom_request("welcome.pl") was successful  	[MsgId: MMSG-26390]
Action.c(55): web_concurrent_end started  	[MsgId: MMSG-26355]
Action.c(55): web_concurrent_end was successful, 1396 body bytes, 706 header bytes, 12 chunking overhead bytes  	[MsgId: MMSG-26385]
Action.c(59): web_concurrent_start started  	[MsgId: MMSG-26355]
Action.c(59): web_concurrent_start was successful  	[MsgId: MMSG-26392]
Action.c(61): web_custom_request("hp_logo.png") started  	[MsgId: MMSG-26355]
Action.c(61): Registering web_custom_request("hp_logo.png") was successful  	[MsgId: MMSG-26390]
Action.c(72): web_custom_request("webtours.png") started  	[MsgId: MMSG-26355]
Action.c(72): Registering web_custom_request("webtours.png") was successful  	[MsgId: MMSG-26390]
Action.c(81): web_concurrent_end started  	[MsgId: MMSG-26355]
Action.c(81): web_concurrent_end was successful, 4788 body bytes, 596 header bytes  	[MsgId: MMSG-26386]
Action.c(85): web_reg_find started  	[MsgId: MMSG-26355]
Action.c(85): Registering web_reg_find was successful  	[MsgId: MMSG-26390]
Action.c(88): web_concurrent_start started  	[MsgId: MMSG-26355]
Action.c(88): Warning -27123: Pending web_reg_save_param/web_reg_find/web_create_html_param/web_create_html_param_ex request(s) before web_concurrent_start apply to the first Action function within the group, not to the entire group  	[MsgId: MWAR-27123]
Action.c(88): web_concurrent_start highest severity level was "warning"  	[MsgId: MMSG-26391]
Action.c(90): web_custom_request("home.html") started  	[MsgId: MMSG-26355]
Action.c(90): Registering web_custom_request("home.html") was successful  	[MsgId: MMSG-26390]
Action.c(103): web_reg_save_param_attrib started  	[MsgId: MMSG-26355]
Action.c(103): Registering web_reg_save_param_attrib was successful  	[MsgId: MMSG-26390]
Action.c(113): web_custom_request("nav.pl") started  	[MsgId: MMSG-26355]
Action.c(113): Registering web_custom_request("nav.pl") was successful  	[MsgId: MMSG-26390]
Action.c(123): web_concurrent_end started  	[MsgId: MMSG-26355]
Action.c(123): Registered web_reg_find successful for "Text=Web Tours" (count=3)  	[MsgId: MMSG-26364]
Action.c(123): web_concurrent_end was successful, 2983 body bytes, 553 header bytes, 12 chunking overhead bytes  	[MsgId: MMSG-26385]
Action.c(129): web_custom_request("JSFormSubmit.js") started  	[MsgId: MMSG-26355]
Action.c(129): web_custom_request("JSFormSubmit.js") was successful, 291 body bytes, 310 header bytes  	[MsgId: MMSG-26386]
Ending action Action.
Starting action Login.
Login.c(6): web_reg_find started  	[MsgId: MMSG-26355]
Login.c(6): Registering web_reg_find was successful  	[MsgId: MMSG-26390]
Login.c(13): web_custom_request("login.pl") started  	[MsgId: MMSG-26355]
Login.c(13): Registered web_reg_find successful for "Text=Web Tours" (count=1)  	[MsgId: MMSG-26364]
Login.c(13): web_custom_request("login.pl") was successful, 481 body bytes, 358 header bytes, 12 chunking overhead bytes  	[MsgId: MMSG-26385]
Login.c(24): web_reg_find started  	[MsgId: MMSG-26355]
Login.c(24): Registering web_reg_find was successful  	[MsgId: MMSG-26390]
Login.c(27): web_concurrent_start started  	[MsgId: MMSG-26355]
Login.c(27): Warning -27123: Pending web_reg_save_param/web_reg_find/web_create_html_param/web_create_html_param_ex request(s) before web_concurrent_start apply to the first Action function within the group, not to the entire group  	[MsgId: MWAR-27123]
Login.c(27): web_concurrent_start highest severity level was "warning"  	[MsgId: MMSG-26391]
Login.c(29): web_custom_request("nav.pl_2") started  	[MsgId: MMSG-26355]
Login.c(29): Registering web_custom_request("nav.pl_2") was successful  	[MsgId: MMSG-26390]
Login.c(39): web_custom_request("login.pl_2") started  	[MsgId: MMSG-26355]
Login.c(39): Registering web_custom_request("login.pl_2") was successful  	[MsgId: MMSG-26390]
Login.c(49): web_concurrent_end started  	[MsgId: MMSG-26355]
Login.c(49): Registered web_reg_find successful for "Text=Web Tours Navigation Bar" (count=1)  	[MsgId: MMSG-26364]
Login.c(49): web_concurrent_end was successful, 2400 body bytes, 483 header bytes, 24 chunking overhead bytes  	[MsgId: MMSG-26385]
Ending action Login.
Starting action Iternary.
Iternary.c(4): web_reg_find started  	[MsgId: MMSG-26355]
Iternary.c(4): Registering web_reg_find was successful  	[MsgId: MMSG-26390]
Iternary.c(11): web_custom_request("welcome.pl_2") started  	[MsgId: MMSG-26355]
Iternary.c(11): Registered web_reg_find successful for "Text=Web Tours" (count=1)  	[MsgId: MMSG-26364]
Iternary.c(11): web_custom_request("welcome.pl_2") was successful, 591 body bytes, 215 header bytes, 12 chunking overhead bytes  	[MsgId: MMSG-26385]
Iternary.c(21): web_reg_find started  	[MsgId: MMSG-26355]
Iternary.c(21): Registering web_reg_find was successful  	[MsgId: MMSG-26390]
Iternary.c(24): web_concurrent_start started  	[MsgId: MMSG-26355]
Iternary.c(24): Warning -27123: Pending web_reg_save_param/web_reg_find/web_create_html_param/web_create_html_param_ex request(s) before web_concurrent_start apply to the first Action function within the group, not to the entire group  	[MsgId: MWAR-27123]
Iternary.c(24): web_concurrent_start highest severity level was "warning"  	[MsgId: MMSG-26391]
Iternary.c(26): web_custom_request("nav.pl_3") started  	[MsgId: MMSG-26355]
Iternary.c(26): Registering web_custom_request("nav.pl_3") was successful  	[MsgId: MMSG-26390]
Iternary.c(37): web_reg_save_param_regexp started  	[MsgId: MMSG-26355]
Iternary.c(37): Registering web_reg_save_param_regexp was successful  	[MsgId: MMSG-26390]
Iternary.c(47): web_custom_request("itinerary.pl") started  	[MsgId: MMSG-26355]
Iternary.c(47): Registering web_custom_request("itinerary.pl") was successful  	[MsgId: MMSG-26390]
Iternary.c(57): web_concurrent_end started  	[MsgId: MMSG-26355]
Iternary.c(57): Registered web_reg_find successful for "Text=Web Tours Navigation Bar" (count=1)  	[MsgId: MMSG-26364]
Iternary.c(57): web_concurrent_end was successful, 45196 body bytes, 510 header bytes, 103 chunking overhead bytes  	[MsgId: MMSG-26385]
Ending action Iternary.
Starting action CancelSelected.
flightID=5941-802-JB&flightID=14459-1569-JB&flightID=67450-23165-JB&flightID=25285-3130-JB&flightID=6422-3878-JB&flightID=2780-466-JB&flightID=17132-5429-JB&flightID=11914-6206-JB&flightID=12608-6956-JB&flightID=5226-7701-JB&flightID=8653-8510-JB&flightID=9651-9275-JB&flightID=27117-10012-JB&flightID=11880-10828-JB&flightID=1567-11563-JB&flightID=23761-12350-JB&flightID=304121-130867-JB&flightID=10055-13884-JB&flightID=23799-14660-JB&flightID=1562-1545-JB&flightID=11120-16173-JB&flightID=31913-16973-JB&flightID=27117-17705-JB&flightID=12717-18489-JB&flightID=35202-19266-JB&flightID=29731-20057-JB&flightID=26687-20812-JB&flightID=22229-21554-JB&flightID=3026-22361-JB&flightID=15942-23110-JB&flightID=7493-23870-JB&flightID=3098-24665-JB&flightID=23057-25427-JB&flightID=18974-26177-JB&flightID=5567-26947-JB&flightID=23833-27731-JB&flightID=330407-284693-JB&flightID=23761-29273-JB&37=on&removeFlights.x=51&removeFlights.y=11&.cgifields=1&.cgifields=2
CancelSelected.c(37): web_reg_find started  	[MsgId: MMSG-26355]
CancelSelected.c(37): Registering web_reg_find was successful  	[MsgId: MMSG-26390]
CancelSelected.c(40): web_custom_request("itinerary.pl_2") started  	[MsgId: MMSG-26355]
CancelSelected.c(40): Registered web_reg_find successful for "Text=Flights List" (count=1)  	[MsgId: MMSG-26364]
CancelSelected.c(40): web_custom_request("itinerary.pl_2") was successful, 42603 body bytes, 255 header bytes, 91 chunking overhead bytes  	[MsgId: MMSG-26385]
Ending action CancelSelected.
Starting action SignOff.
SignOff.c(4): web_reg_find started  	[MsgId: MMSG-26355]
SignOff.c(4): Registering web_reg_find was successful  	[MsgId: MMSG-26390]
SignOff.c(7): web_add_auto_header("sec-ch-ua") started  	[MsgId: MMSG-26355]
SignOff.c(7): web_add_auto_header("sec-ch-ua") was successful  	[MsgId: MMSG-26392]
SignOff.c(10): web_add_auto_header("sec-ch-ua-mobile") started  	[MsgId: MMSG-26355]
SignOff.c(10): web_add_auto_header("sec-ch-ua-mobile") was successful  	[MsgId: MMSG-26392]
SignOff.c(13): web_add_auto_header("Upgrade-Insecure-Requests") started  	[MsgId: MMSG-26355]
SignOff.c(13): web_add_auto_header("Upgrade-Insecure-Requests") was successful  	[MsgId: MMSG-26392]
SignOff.c(16): web_add_auto_header("Sec-Fetch-Site") started  	[MsgId: MMSG-26355]
SignOff.c(16): web_add_auto_header("Sec-Fetch-Site") was successful  	[MsgId: MMSG-26392]
SignOff.c(19): web_add_auto_header("Sec-Fetch-Mode") started  	[MsgId: MMSG-26355]
SignOff.c(19): web_add_auto_header("Sec-Fetch-Mode") was successful  	[MsgId: MMSG-26392]
SignOff.c(22): web_add_auto_header("Sec-Fetch-Dest") started  	[MsgId: MMSG-26355]
SignOff.c(22): web_add_auto_header("Sec-Fetch-Dest") was successful  	[MsgId: MMSG-26392]
SignOff.c(25): web_add_header("Sec-Fetch-User") started  	[MsgId: MMSG-26355]
SignOff.c(25): web_add_header("Sec-Fetch-User") was successful  	[MsgId: MMSG-26392]
SignOff.c(30): web_custom_request("welcome.pl_3") started  	[MsgId: MMSG-26355]
SignOff.c(30): Registered web_reg_find successful for "Text=Web Tours" (count=1)  	[MsgId: MMSG-26364]
SignOff.c(30): web_custom_request("welcome.pl_3") was successful, 686 body bytes, 408 header bytes, 12 chunking overhead bytes  	[MsgId: MMSG-26385]
SignOff.c(40): web_reg_find started  	[MsgId: MMSG-26355]
SignOff.c(40): Registering web_reg_find was successful  	[MsgId: MMSG-26390]
SignOff.c(43): web_concurrent_start started  	[MsgId: MMSG-26355]
SignOff.c(43): Warning -27123: Pending web_reg_save_param/web_reg_find/web_create_html_param/web_create_html_param_ex request(s) before web_concurrent_start apply to the first Action function within the group, not to the entire group  	[MsgId: MWAR-27123]
SignOff.c(43): web_concurrent_start highest severity level was "warning"  	[MsgId: MMSG-26391]
SignOff.c(45): web_custom_request("nav.pl_4") started  	[MsgId: MMSG-26355]
SignOff.c(45): Registering web_custom_request("nav.pl_4") was successful  	[MsgId: MMSG-26390]
SignOff.c(55): web_custom_request("home.html_2") started  	[MsgId: MMSG-26355]
SignOff.c(55): Retrieving data from cache for "http://127.0.0.1:1080/WebTours/home.html"  	[MsgId: MMSG-26558]
SignOff.c(55): Registering web_custom_request("home.html_2") was successful  	[MsgId: MMSG-26390]
SignOff.c(64): web_concurrent_end started  	[MsgId: MMSG-26355]
SignOff.c(64): Registered web_reg_find successful for "Text=Web Tours Navigation Bar" (count=1)  	[MsgId: MMSG-26364]
SignOff.c(64): web_concurrent_end was successful, 1622 body bytes, 255 header bytes, 12 chunking overhead bytes  	[MsgId: MMSG-26385]
Ending action SignOff.
Ending iteration 1.
Ending Vuser...
Starting action vuser_end.
Ending action vuser_end.
Vuser Terminated.
